#! /usr/bin/vvp
:ivl_version "0.9.7 " "(v0_9_7)";
:vpi_time_precision + 0;
:vpi_module "system";
:vpi_module "v2005_math";
:vpi_module "va_math";
S_0x9280e0 .scope module, "float_to_int" "float_to_int" 2 4;
 .timescale 0 0;
P_0x927db8 .param/l "convert" 2 33, C4<011>;
P_0x927de0 .param/l "get_a" 2 30, C4<000>;
P_0x927e08 .param/l "put_z" 2 34, C4<100>;
P_0x927e30 .param/l "special_cases" 2 31, C4<001>;
P_0x927e58 .param/l "unpack" 2 32, C4<010>;
v0x9284b0_0 .var "a", 31 0;
v0x964120_0 .var "a_e", 7 0;
v0x9641c0_0 .var "a_m", 31 0;
v0x964260_0 .var "a_s", 0 0;
v0x964300_0 .net "clk", 0 0, C4<z>; 0 drivers
v0x9643a0_0 .net "input_a", 31 0, C4<zzzzzzzzzzzzzzzzzzzzzzzzzzzzzzzz>; 0 drivers
v0x964480_0 .net "input_a_ack", 0 0, v0x964960_0; 1 drivers
v0x964520_0 .net "input_a_stb", 0 0, C4<z>; 0 drivers
v0x964610_0 .net "output_z", 31 0, v0x964a00_0; 1 drivers
v0x9646b0_0 .net "output_z_ack", 0 0, C4<z>; 0 drivers
v0x9647b0_0 .net "output_z_stb", 0 0, v0x964b20_0; 1 drivers
v0x964850_0 .net "rst", 0 0, C4<z>; 0 drivers
v0x964960_0 .var "s_input_a_ack", 0 0;
v0x964a00_0 .var "s_output_z", 31 0;
v0x964b20_0 .var "s_output_z_stb", 0 0;
v0x964bc0_0 .var "state", 2 0;
v0x964a80_0 .var "z", 31 0;
E_0x928310 .event posedge, v0x964300_0;
    .scope S_0x9280e0;
T_0 ;
    %wait E_0x928310;
    %load/v 8, v0x964bc0_0, 3;
    %cmpi/u 8, 0, 3;
    %jmp/1 T_0.0, 6;
    %cmpi/u 8, 2, 3;
    %jmp/1 T_0.1, 6;
    %cmpi/u 8, 1, 3;
    %jmp/1 T_0.2, 6;
    %cmpi/u 8, 3, 3;
    %jmp/1 T_0.3, 6;
    %cmpi/u 8, 4, 3;
    %jmp/1 T_0.4, 6;
    %jmp T_0.5;
T_0.0 ;
    %ix/load 0, 1, 0;
    %assign/v0 v0x964960_0, 0, 1;
    %load/v 8, v0x964960_0, 1;
    %load/v 9, v0x964520_0, 1;
    %and 8, 9, 1;
    %jmp/0xz  T_0.6, 8;
    %load/v 8, v0x9643a0_0, 32;
    %ix/load 0, 32, 0;
    %assign/v0 v0x9284b0_0, 0, 8;
    %ix/load 0, 1, 0;
    %assign/v0 v0x964960_0, 0, 0;
    %movi 8, 2, 3;
    %ix/load 0, 3, 0;
    %assign/v0 v0x964bc0_0, 0, 8;
T_0.6 ;
    %jmp T_0.5;
T_0.1 ;
    %load/v 8, v0x9284b0_0, 23; Select 23 out of 32 bits
    %mov 31, 1, 1;
    %ix/load 0, 24, 0;
    %ix/load 1, 8, 0;
    %assign/v0/x1 v0x9641c0_0, 0, 8;
    %ix/load 0, 8, 0;
    %ix/load 1, 0, 0;
    %assign/v0/x1 v0x9641c0_0, 0, 0;
    %ix/load 1, 23, 0;
    %mov 4, 0, 1;
    %jmp/1 T_0.8, 4;
    %load/x1p 40, v0x9284b0_0, 8;
    %jmp T_0.9;
T_0.8 ;
    %mov 40, 2, 8;
T_0.9 ;
    %mov 8, 40, 8; Move signal select into place
    %mov 16, 0, 24;
    %subi 8, 127, 32;
    %ix/load 0, 8, 0;
    %assign/v0 v0x964120_0, 0, 8;
    %ix/load 1, 31, 0;
    %mov 4, 0, 1;
    %jmp/1 T_0.10, 4;
    %load/x1p 8, v0x9284b0_0, 1;
    %jmp T_0.11;
T_0.10 ;
    %mov 8, 2, 1;
T_0.11 ;
; Save base=8 wid=1 in lookaside.
    %ix/load 0, 1, 0;
    %assign/v0 v0x964260_0, 0, 8;
    %movi 8, 1, 3;
    %ix/load 0, 3, 0;
    %assign/v0 v0x964bc0_0, 0, 8;
    %jmp T_0.5;
T_0.2 ;
    %load/v 8, v0x964120_0, 8;
    %mov 16, 15, 1;
    %movi 17, 385, 9;
    %cmp/u 8, 17, 9;
    %jmp/0xz  T_0.12, 4;
    %ix/load 0, 32, 0;
    %assign/v0 v0x964a80_0, 0, 0;
    %movi 8, 4, 3;
    %ix/load 0, 3, 0;
    %assign/v0 v0x964bc0_0, 0, 8;
    %jmp T_0.13;
T_0.12 ;
    %load/v 8, v0x964120_0, 8;
    %mov 16, 15, 1;
    %mov 17, 15, 1;
    %cmpi/u 8, 128, 10;
    %jmp/0xz  T_0.14, 4;
    %movi 8, 2147483648, 32;
    %ix/load 0, 32, 0;
    %assign/v0 v0x964a80_0, 0, 8;
    %movi 8, 4, 3;
    %ix/load 0, 3, 0;
    %assign/v0 v0x964bc0_0, 0, 8;
    %jmp T_0.15;
T_0.14 ;
    %movi 8, 3, 3;
    %ix/load 0, 3, 0;
    %assign/v0 v0x964bc0_0, 0, 8;
T_0.15 ;
T_0.13 ;
    %jmp T_0.5;
T_0.3 ;
    %movi 8, 31, 9;
    %load/v 17, v0x964120_0, 8;
    %mov 25, 24, 1;
    %cmp/s 8, 17, 9;
    %jmp/0xz  T_0.16, 5;
    %movi 8, 2147483648, 32;
    %ix/load 0, 32, 0;
    %assign/v0 v0x964a80_0, 0, 8;
    %movi 8, 4, 3;
    %ix/load 0, 3, 0;
    %assign/v0 v0x964bc0_0, 0, 8;
    %jmp T_0.17;
T_0.16 ;
    %load/v 8, v0x964120_0, 8;
    %mov 16, 15, 1;
   %cmpi/s 8, 31, 9;
    %jmp/0xz  T_0.18, 5;
    %load/v 8, v0x964120_0, 8;
    %mov 16, 0, 24;
    %addi 8, 1, 32;
    %ix/load 0, 8, 0;
    %assign/v0 v0x964120_0, 0, 8;
    %load/v 8, v0x9641c0_0, 32;
    %ix/load 0, 1, 0;
    %mov 4, 0, 1;
    %shiftr/i0  8, 32;
    %ix/load 0, 32, 0;
    %assign/v0 v0x9641c0_0, 0, 8;
    %jmp T_0.19;
T_0.18 ;
    %load/v 8, v0x964260_0, 1;
    %jmp/0  T_0.20, 8;
    %load/v 9, v0x9641c0_0, 32;
    %inv 9, 32;
    %addi 9, 1, 32;
    %jmp/1  T_0.22, 8;
T_0.20 ; End of true expr.
    %load/v 41, v0x9641c0_0, 32;
    %jmp/0  T_0.21, 8;
 ; End of false expr.
    %blend  9, 41, 32; Condition unknown.
    %jmp  T_0.22;
T_0.21 ;
    %mov 9, 41, 32; Return false value
T_0.22 ;
    %ix/load 0, 32, 0;
    %assign/v0 v0x964a80_0, 0, 9;
    %movi 8, 4, 3;
    %ix/load 0, 3, 0;
    %assign/v0 v0x964bc0_0, 0, 8;
T_0.19 ;
T_0.17 ;
    %jmp T_0.5;
T_0.4 ;
    %ix/load 0, 1, 0;
    %assign/v0 v0x964b20_0, 0, 1;
    %load/v 8, v0x964a80_0, 32;
    %ix/load 0, 32, 0;
    %assign/v0 v0x964a00_0, 0, 8;
    %load/v 8, v0x964b20_0, 1;
    %load/v 9, v0x9646b0_0, 1;
    %and 8, 9, 1;
    %jmp/0xz  T_0.23, 8;
    %vpi_call 2 96 "$display", "%x", v0x964a80_0;
    %ix/load 0, 1, 0;
    %assign/v0 v0x964b20_0, 0, 0;
    %ix/load 0, 3, 0;
    %assign/v0 v0x964bc0_0, 0, 0;
T_0.23 ;
    %jmp T_0.5;
T_0.5 ;
    %load/v 8, v0x964850_0, 1;
    %mov 9, 0, 2;
    %cmpi/u 8, 1, 3;
    %jmp/0xz  T_0.25, 4;
    %ix/load 0, 3, 0;
    %assign/v0 v0x964bc0_0, 0, 0;
    %ix/load 0, 1, 0;
    %assign/v0 v0x964960_0, 0, 0;
    %ix/load 0, 1, 0;
    %assign/v0 v0x964b20_0, 0, 0;
T_0.25 ;
    %jmp T_0;
    .thread T_0;
# The file index is used to find the file name in the following table.
:file_names 3;
    "N/A";
    "<interactive>";
    "float_to_int.v";
